<?xml version="1.0" encoding="UTF-8"?>
<testsuite xmlns:xsi="http://www.w3.org/2001/XMLSchema-instance" xsi:noNamespaceSchemaLocation="https://maven.apache.org/surefire/maven-surefire-plugin/xsd/surefire-test-report-3.0.xsd" version="3.0" name="runners.TestRunner" time="26.6" tests="3" errors="0" skipped="0" failures="0">
  <properties>
[...]
</properties>
  <testcase name="Login con múltiples credenciales #1" classname="Login de práctica con DataTables y screenshots" time="5.455">
    <system-out><![CDATA[
Scenario Outline: Login con múltiples credenciales     &amp#27;[90m# src/test/resources/features/login.feature:14&amp#27;[0m
  &amp#27;[32mGiven &amp#27;[0m&amp#27;[32mel usuario abre la página de login&amp#27;[0m             &amp#27;[90m# steps.LoginSteps.abrirPagina()&amp#27;[0m

    Embedding Login_student [image/png 40721 bytes]

  &amp#27;[32mWhen &amp#27;[0m&amp#27;[32mel usuario ingresa las siguientes credenciales:&amp#27;[0m &amp#27;[90m# steps.LoginSteps.ingresarCredencialesConTabla(io.cucumber.datatable.DataTable)&amp#27;[0m
    | usuario | contraseña  |
    | student | Password123 |

    Embedding VerificarMensaje [image/png 40721 bytes]

  &amp#27;[32mThen &amp#27;[0m&amp#27;[32mdebería ver el mensaje &amp#27;[0m&amp#27;[32m&amp#27;[1m"Logged In Successfully"&amp#27;[0m &amp#27;[90m# steps.LoginSteps.verificarMensaje(java.lang.String)&amp#27;[0m
  &amp#27;[32mAnd &amp#27;[0m&amp#27;[32mla URL debería contener &amp#27;[0m&amp#27;[32m&amp#27;[1m"logged-in-successfully"&amp#27;[0m &amp#27;[90m# steps.LoginSteps.verificarUrlContiene(java.lang.String)&amp#27;[0m
  &amp#27;[32mAnd &amp#27;[0m&amp#27;[32mel botón &amp#27;[0m&amp#27;[32m&amp#27;[1m"Log out"&amp#27;[0m&amp#27;[32m debería estar &amp#27;[0m&amp#27;[32m&amp#27;[1m"válido"&amp#27;[0m        &amp#27;[90m# steps.LoginSteps.verificarEstadoBoton(java.lang.String,java.lang.String)&amp#27;[0m
]]></system-out>
    <system-err><![CDATA[ago. 06, 2025 10:34:52 P. M. org.openqa.selenium.devtools.CdpVersionFinder findNearestMatch
WARNING: Unable to find CDP implementation matching 138
ago. 06, 2025 10:34:52 P. M. org.openqa.selenium.chromium.ChromiumDriver lambda$new$5
WARNING: Unable to find version of CDP to use for 138.0.7204.184. You may need to include a dependency on a specific version of the CDP using something similar to `org.seleniumhq.selenium:selenium-devtools-v86:4.20.0` where the version ("v86") matches the version of the chromium-based browser you're using and the version number of the artifact is the same as Selenium's.
]]></system-err>
  </testcase>
  <testcase name="Login con múltiples credenciales #2" classname="Login de práctica con DataTables y screenshots" time="9.357">
    <system-out><![CDATA[
Scenario Outline: Login con múltiples credenciales        &amp#27;[90m# src/test/resources/features/login.feature:15&amp#27;[0m
  &amp#27;[32mGiven &amp#27;[0m&amp#27;[32mel usuario abre la página de login&amp#27;[0m                &amp#27;[90m# steps.LoginSteps.abrirPagina()&amp#27;[0m

    Embedding Login_incorrectUser [image/png 58043 bytes]

  &amp#27;[32mWhen &amp#27;[0m&amp#27;[32mel usuario ingresa las siguientes credenciales:&amp#27;[0m    &amp#27;[90m# steps.LoginSteps.ingresarCredencialesConTabla(io.cucumber.datatable.DataTable)&amp#27;[0m
    | usuario       | contraseña  |
    | incorrectUser | Password123 |

    Embedding VerificarMensaje [image/png 88222 bytes]

  &amp#27;[32mThen &amp#27;[0m&amp#27;[32mdebería ver el mensaje &amp#27;[0m&amp#27;[32m&amp#27;[1m"Your username is invalid!"&amp#27;[0m &amp#27;[90m# steps.LoginSteps.verificarMensaje(java.lang.String)&amp#27;[0m
  &amp#27;[32mAnd &amp#27;[0m&amp#27;[32mla URL debería contener &amp#27;[0m&amp#27;[32m&amp#27;[1m""&amp#27;[0m                          &amp#27;[90m# steps.LoginSteps.verificarUrlContiene(java.lang.String)&amp#27;[0m
  &amp#27;[32mAnd &amp#27;[0m&amp#27;[32mel botón &amp#27;[0m&amp#27;[32m&amp#27;[1m""&amp#27;[0m&amp#27;[32m debería estar &amp#27;[0m&amp#27;[32m&amp#27;[1m"inválido"&amp#27;[0m                &amp#27;[90m# steps.LoginSteps.verificarEstadoBoton(java.lang.String,java.lang.String)&amp#27;[0m
]]></system-out>
    <system-err><![CDATA[ago. 06, 2025 10:34:57 P. M. org.openqa.selenium.devtools.CdpVersionFinder findNearestMatch
WARNING: Unable to find CDP implementation matching 138
ago. 06, 2025 10:34:57 P. M. org.openqa.selenium.chromium.ChromiumDriver lambda$new$5
WARNING: Unable to find version of CDP to use for 138.0.7204.184. You may need to include a dependency on a specific version of the CDP using something similar to `org.seleniumhq.selenium:selenium-devtools-v86:4.20.0` where the version ("v86") matches the version of the chromium-based browser you're using and the version number of the artifact is the same as Selenium's.
]]></system-err>
  </testcase>
  <testcase name="Login con múltiples credenciales #3" classname="Login de práctica con DataTables y screenshots" time="9.67">
    <system-out><![CDATA[
Scenario Outline: Login con múltiples credenciales        &amp#27;[90m# src/test/resources/features/login.feature:16&amp#27;[0m
  &amp#27;[32mGiven &amp#27;[0m&amp#27;[32mel usuario abre la página de login&amp#27;[0m                &amp#27;[90m# steps.LoginSteps.abrirPagina()&amp#27;[0m

    Embedding Login_student [image/png 58811 bytes]

  &amp#27;[32mWhen &amp#27;[0m&amp#27;[32mel usuario ingresa las siguientes credenciales:&amp#27;[0m    &amp#27;[90m# steps.LoginSteps.ingresarCredencialesConTabla(io.cucumber.datatable.DataTable)&amp#27;[0m
    | usuario | contraseña        |
    | student | incorrectPassword |

    Embedding VerificarMensaje [image/png 59000 bytes]

  &amp#27;[32mThen &amp#27;[0m&amp#27;[32mdebería ver el mensaje &amp#27;[0m&amp#27;[32m&amp#27;[1m"Your password is invalid!"&amp#27;[0m &amp#27;[90m# steps.LoginSteps.verificarMensaje(java.lang.String)&amp#27;[0m
  &amp#27;[32mAnd &amp#27;[0m&amp#27;[32mla URL debería contener &amp#27;[0m&amp#27;[32m&amp#27;[1m""&amp#27;[0m                          &amp#27;[90m# steps.LoginSteps.verificarUrlContiene(java.lang.String)&amp#27;[0m
  &amp#27;[32mAnd &amp#27;[0m&amp#27;[32mel botón &amp#27;[0m&amp#27;[32m&amp#27;[1m""&amp#27;[0m&amp#27;[32m debería estar &amp#27;[0m&amp#27;[32m&amp#27;[1m"inválido"&amp#27;[0m                &amp#27;[90m# steps.LoginSteps.verificarEstadoBoton(java.lang.String,java.lang.String)&amp#27;[0m
]]></system-out>
    <system-err><![CDATA[ago. 06, 2025 10:35:07 P. M. org.openqa.selenium.devtools.CdpVersionFinder findNearestMatch
WARNING: Unable to find CDP implementation matching 138
ago. 06, 2025 10:35:07 P. M. org.openqa.selenium.chromium.ChromiumDriver lambda$new$5
WARNING: Unable to find version of CDP to use for 138.0.7204.184. You may need to include a dependency on a specific version of the CDP using something similar to `org.seleniumhq.selenium:selenium-devtools-v86:4.20.0` where the version ("v86") matches the version of the chromium-based browser you're using and the version number of the artifact is the same as Selenium's.
]]></system-err>
  </testcase>
</testsuite>